This file contains any messages produced by compilers while
running configure, to aid debugging if configure makes a mistake.

It was created by dymo-cups-drivers configure 1.2.0, which was
generated by GNU Autoconf 2.61.  Invocation command line was

  $ ./configure 

## --------- ##
## Platform. ##
## --------- ##

hostname = z
uname -m = i686
uname -r = 3.8.0-19-generic
uname -s = Linux
uname -v = #29-Ubuntu SMP Wed Apr 17 18:19:42 UTC 2013

/usr/bin/uname -p = unknown
/bin/uname -X     = unknown

/bin/arch              = unknown
/usr/bin/arch -k       = unknown
/usr/convex/getsysinfo = unknown
/usr/bin/hostinfo      = unknown
/bin/machine           = unknown
/usr/bin/oslevel       = unknown
/bin/universe          = unknown

PATH: /usr/lib/i386-linux-gnu/qt4/bin
PATH: /usr/lib/lightdm/lightdm
PATH: /usr/local/sbin
PATH: /usr/local/bin
PATH: /usr/sbin
PATH: /usr/bin
PATH: /sbin
PATH: /bin
PATH: /usr/games
PATH: /usr/local/games


## ----------- ##
## Core tests. ##
## ----------- ##

configure:1792: checking for a BSD-compatible install
configure:1848: result: /usr/bin/install -c
configure:1859: checking whether build environment is sane
configure:1902: result: yes
configure:1926: WARNING: `missing' script is too old or missing
configure:1930: checking for a thread-safe mkdir -p
configure:1969: result: /bin/mkdir -p
configure:1982: checking for gawk
configure:1998: found /usr/bin/gawk
configure:2009: result: gawk
configure:2020: checking whether make sets $(MAKE)
configure:2041: result: yes
configure:2253: checking for cups-config
configure:2271: found /usr/bin/cups-config
configure:2283: result: /usr/bin/cups-config
configure:2365: checking for style of include used by make
configure:2393: result: GNU
configure:2463: checking for gcc
configure:2479: found /usr/bin/gcc
configure:2490: result: gcc
configure:2728: checking for C compiler version
configure:2735: gcc --version >&5
gcc (Ubuntu/Linaro 4.7.3-1ubuntu1) 4.7.3
Copyright (C) 2012 Free Software Foundation, Inc.
This is free software; see the source for copying conditions.  There is NO
warranty; not even for MERCHANTABILITY or FITNESS FOR A PARTICULAR PURPOSE.

configure:2738: $? = 0
configure:2745: gcc -v >&5
Using built-in specs.
COLLECT_GCC=gcc
COLLECT_LTO_WRAPPER=/usr/lib/gcc/i686-linux-gnu/4.7/lto-wrapper
Target: i686-linux-gnu
Configured with: ../src/configure -v --with-pkgversion='Ubuntu/Linaro 4.7.3-1ubuntu1' --with-bugurl=file:///usr/share/doc/gcc-4.7/README.Bugs --enable-languages=c,c++,go,fortran,objc,obj-c++ --prefix=/usr --program-suffix=-4.7 --enable-shared --enable-linker-build-id --libexecdir=/usr/lib --without-included-gettext --enable-threads=posix --with-gxx-include-dir=/usr/include/c++/4.7 --libdir=/usr/lib --enable-nls --with-sysroot=/ --enable-clocale=gnu --enable-libstdcxx-debug --enable-libstdcxx-time=yes --enable-gnu-unique-object --enable-plugin --with-system-zlib --enable-objc-gc --enable-targets=all --with-cloog --enable-cloog-backend=ppl --disable-cloog-version-check --disable-ppl-version-check --enable-multiarch --disable-werror --with-arch-32=i686 --with-multilib-list=m32,m64,mx32 --with-tune=generic --enable-checking=release --build=i686-linux-gnu --host=i686-linux-gnu --target=i686-linux-gnu
Thread model: posix
gcc version 4.7.3 (Ubuntu/Linaro 4.7.3-1ubuntu1) 
configure:2748: $? = 0
configure:2755: gcc -V >&5
gcc: error: unrecognized command line option '-V'
gcc: fatal error: no input files
compilation terminated.
configure:2758: $? = 4
configure:2781: checking for C compiler default output file name
configure:2808: gcc    conftest.c  >&5
configure:2811: $? = 0
configure:2849: result: a.out
configure:2866: checking whether the C compiler works
configure:2876: ./a.out
configure:2879: $? = 0
configure:2896: result: yes
configure:2903: checking whether we are cross compiling
configure:2905: result: no
configure:2908: checking for suffix of executables
configure:2915: gcc -o conftest    conftest.c  >&5
configure:2918: $? = 0
configure:2942: result: 
configure:2948: checking for suffix of object files
configure:2974: gcc -c   conftest.c >&5
configure:2977: $? = 0
configure:3000: result: o
configure:3004: checking whether we are using the GNU C compiler
configure:3033: gcc -c   conftest.c >&5
configure:3039: $? = 0
configure:3056: result: yes
configure:3061: checking whether gcc accepts -g
configure:3091: gcc -c -g  conftest.c >&5
configure:3097: $? = 0
configure:3196: result: yes
configure:3213: checking for gcc option to accept ISO C89
configure:3287: gcc  -c -g -O2  conftest.c >&5
configure:3293: $? = 0
configure:3316: result: none needed
configure:3336: checking dependency style of gcc
configure:3427: result: gcc3
configure:3444: checking for cupsMarkOptions in -lcups
configure:3479: gcc -o conftest -g -O2   conftest.c -lcups   >&5
configure:3485: $? = 0
configure:3503: result: yes
configure:3519: checking for cupsRasterReadHeader in -lcupsimage
configure:3554: gcc -o conftest -g -O2   conftest.c -lcupsimage  -lcups  >&5
configure:3560: $? = 0
configure:3578: result: yes
configure:3598: checking how to run the C preprocessor
configure:3638: gcc -E  conftest.c
configure:3644: $? = 0
configure:3675: gcc -E  conftest.c
conftest.c:12:28: fatal error: ac_nonexistent.h: No such file or directory
compilation terminated.
configure:3681: $? = 1
configure: failed program was:
| /* confdefs.h.  */
| #define PACKAGE_NAME "dymo-cups-drivers"
| #define PACKAGE_TARNAME "dymo-cups-drivers"
| #define PACKAGE_VERSION "1.2.0"
| #define PACKAGE_STRING "dymo-cups-drivers 1.2.0"
| #define PACKAGE_BUGREPORT "vbuzuev@dymo.com"
| #define PACKAGE "dymo-cups-drivers"
| #define VERSION "1.2.0"
| #define HAVE_LIBCUPS 1
| #define HAVE_LIBCUPSIMAGE 1
| /* end confdefs.h.  */
| #include <ac_nonexistent.h>
configure:3714: result: gcc -E
configure:3743: gcc -E  conftest.c
configure:3749: $? = 0
configure:3780: gcc -E  conftest.c
conftest.c:12:28: fatal error: ac_nonexistent.h: No such file or directory
compilation terminated.
configure:3786: $? = 1
configure: failed program was:
| /* confdefs.h.  */
| #define PACKAGE_NAME "dymo-cups-drivers"
| #define PACKAGE_TARNAME "dymo-cups-drivers"
| #define PACKAGE_VERSION "1.2.0"
| #define PACKAGE_STRING "dymo-cups-drivers 1.2.0"
| #define PACKAGE_BUGREPORT "vbuzuev@dymo.com"
| #define PACKAGE "dymo-cups-drivers"
| #define VERSION "1.2.0"
| #define HAVE_LIBCUPS 1
| #define HAVE_LIBCUPSIMAGE 1
| /* end confdefs.h.  */
| #include <ac_nonexistent.h>
configure:3824: checking for grep that handles long lines and -e
configure:3898: result: /bin/grep
configure:3903: checking for egrep
configure:3981: result: /bin/grep -E
configure:3986: checking for ANSI C header files
configure:4016: gcc -c -g -O2  conftest.c >&5
configure:4022: $? = 0
configure:4121: gcc -o conftest -g -O2   conftest.c -lcupsimage -lcups  >&5
configure:4124: $? = 0
configure:4130: ./conftest
configure:4133: $? = 0
configure:4150: result: yes
configure:4174: checking for sys/types.h
configure:4195: gcc -c -g -O2  conftest.c >&5
configure:4201: $? = 0
configure:4217: result: yes
configure:4174: checking for sys/stat.h
configure:4195: gcc -c -g -O2  conftest.c >&5
configure:4201: $? = 0
configure:4217: result: yes
configure:4174: checking for stdlib.h
configure:4195: gcc -c -g -O2  conftest.c >&5
configure:4201: $? = 0
configure:4217: result: yes
configure:4174: checking for string.h
configure:4195: gcc -c -g -O2  conftest.c >&5
configure:4201: $? = 0
configure:4217: result: yes
configure:4174: checking for memory.h
configure:4195: gcc -c -g -O2  conftest.c >&5
configure:4201: $? = 0
configure:4217: result: yes
configure:4174: checking for strings.h
configure:4195: gcc -c -g -O2  conftest.c >&5
configure:4201: $? = 0
configure:4217: result: yes
configure:4174: checking for inttypes.h
configure:4195: gcc -c -g -O2  conftest.c >&5
configure:4201: $? = 0
configure:4217: result: yes
configure:4174: checking for stdint.h
configure:4195: gcc -c -g -O2  conftest.c >&5
configure:4201: $? = 0
configure:4217: result: yes
configure:4174: checking for unistd.h
configure:4195: gcc -c -g -O2  conftest.c >&5
configure:4201: $? = 0
configure:4217: result: yes
configure:4245: checking cups/cups.h usability
configure:4262: gcc -c -g -O2  conftest.c >&5
configure:4268: $? = 0
configure:4282: result: yes
configure:4286: checking cups/cups.h presence
configure:4301: gcc -E  conftest.c
configure:4307: $? = 0
configure:4321: result: yes
configure:4354: checking for cups/cups.h
configure:4362: result: yes
configure:4245: checking cups/raster.h usability
configure:4262: gcc -c -g -O2  conftest.c >&5
configure:4268: $? = 0
configure:4282: result: yes
configure:4286: checking cups/raster.h presence
configure:4301: gcc -E  conftest.c
configure:4307: $? = 0
configure:4321: result: yes
configure:4354: checking for cups/raster.h
configure:4362: result: yes
configure:4444: checking for g++
configure:4460: found /usr/bin/g++
configure:4471: result: g++
configure:4502: checking for C++ compiler version
configure:4509: g++ --version >&5
g++ (Ubuntu/Linaro 4.7.3-1ubuntu1) 4.7.3
Copyright (C) 2012 Free Software Foundation, Inc.
This is free software; see the source for copying conditions.  There is NO
warranty; not even for MERCHANTABILITY or FITNESS FOR A PARTICULAR PURPOSE.

configure:4512: $? = 0
configure:4519: g++ -v >&5
Using built-in specs.
COLLECT_GCC=g++
COLLECT_LTO_WRAPPER=/usr/lib/gcc/i686-linux-gnu/4.7/lto-wrapper
Target: i686-linux-gnu
Configured with: ../src/configure -v --with-pkgversion='Ubuntu/Linaro 4.7.3-1ubuntu1' --with-bugurl=file:///usr/share/doc/gcc-4.7/README.Bugs --enable-languages=c,c++,go,fortran,objc,obj-c++ --prefix=/usr --program-suffix=-4.7 --enable-shared --enable-linker-build-id --libexecdir=/usr/lib --without-included-gettext --enable-threads=posix --with-gxx-include-dir=/usr/include/c++/4.7 --libdir=/usr/lib --enable-nls --with-sysroot=/ --enable-clocale=gnu --enable-libstdcxx-debug --enable-libstdcxx-time=yes --enable-gnu-unique-object --enable-plugin --with-system-zlib --enable-objc-gc --enable-targets=all --with-cloog --enable-cloog-backend=ppl --disable-cloog-version-check --disable-ppl-version-check --enable-multiarch --disable-werror --with-arch-32=i686 --with-multilib-list=m32,m64,mx32 --with-tune=generic --enable-checking=release --build=i686-linux-gnu --host=i686-linux-gnu --target=i686-linux-gnu
Thread model: posix
gcc version 4.7.3 (Ubuntu/Linaro 4.7.3-1ubuntu1) 
configure:4522: $? = 0
configure:4529: g++ -V >&5
g++: error: unrecognized command line option '-V'
g++: fatal error: no input files
compilation terminated.
configure:4532: $? = 4
configure:4535: checking whether we are using the GNU C++ compiler
configure:4564: g++ -c -O2 -Wall -Wno-unknown-pragmas    conftest.cpp >&5
configure:4570: $? = 0
configure:4587: result: yes
configure:4592: checking whether g++ accepts -g
configure:4622: g++ -c -g  conftest.cpp >&5
configure:4628: $? = 0
configure:4727: result: yes
configure:4752: checking dependency style of g++
configure:4843: result: gcc3
configure:4906: checking for gcc
configure:4933: result: gcc
configure:5171: checking for C compiler version
configure:5178: gcc --version >&5
gcc (Ubuntu/Linaro 4.7.3-1ubuntu1) 4.7.3
Copyright (C) 2012 Free Software Foundation, Inc.
This is free software; see the source for copying conditions.  There is NO
warranty; not even for MERCHANTABILITY or FITNESS FOR A PARTICULAR PURPOSE.

configure:5181: $? = 0
configure:5188: gcc -v >&5
Using built-in specs.
COLLECT_GCC=gcc
COLLECT_LTO_WRAPPER=/usr/lib/gcc/i686-linux-gnu/4.7/lto-wrapper
Target: i686-linux-gnu
Configured with: ../src/configure -v --with-pkgversion='Ubuntu/Linaro 4.7.3-1ubuntu1' --with-bugurl=file:///usr/share/doc/gcc-4.7/README.Bugs --enable-languages=c,c++,go,fortran,objc,obj-c++ --prefix=/usr --program-suffix=-4.7 --enable-shared --enable-linker-build-id --libexecdir=/usr/lib --without-included-gettext --enable-threads=posix --with-gxx-include-dir=/usr/include/c++/4.7 --libdir=/usr/lib --enable-nls --with-sysroot=/ --enable-clocale=gnu --enable-libstdcxx-debug --enable-libstdcxx-time=yes --enable-gnu-unique-object --enable-plugin --with-system-zlib --enable-objc-gc --enable-targets=all --with-cloog --enable-cloog-backend=ppl --disable-cloog-version-check --disable-ppl-version-check --enable-multiarch --disable-werror --with-arch-32=i686 --with-multilib-list=m32,m64,mx32 --with-tune=generic --enable-checking=release --build=i686-linux-gnu --host=i686-linux-gnu --target=i686-linux-gnu
Thread model: posix
gcc version 4.7.3 (Ubuntu/Linaro 4.7.3-1ubuntu1) 
configure:5191: $? = 0
configure:5198: gcc -V >&5
gcc: error: unrecognized command line option '-V'
gcc: fatal error: no input files
compilation terminated.
configure:5201: $? = 4
configure:5204: checking whether we are using the GNU C compiler
configure:5256: result: yes
configure:5261: checking whether gcc accepts -g
configure:5396: result: yes
configure:5413: checking for gcc option to accept ISO C89
configure:5516: result: none needed
configure:5536: checking dependency style of gcc
configure:5627: result: gcc3
configure:5646: checking for ANSI C header files
configure:5810: result: yes
configure:5838: checking fcntl.h usability
configure:5855: gcc -c -g -O2  conftest.c >&5
configure:5861: $? = 0
configure:5875: result: yes
configure:5879: checking fcntl.h presence
configure:5894: gcc -E  conftest.c
configure:5900: $? = 0
configure:5914: result: yes
configure:5947: checking for fcntl.h
configure:5955: result: yes
configure:5828: checking for stdlib.h
configure:5834: result: yes
configure:5828: checking for string.h
configure:5834: result: yes
configure:5828: checking for unistd.h
configure:5834: result: yes
configure:5970: checking for stdbool.h that conforms to C99
configure:6063: gcc -c -g -O2  conftest.c >&5
configure:6069: $? = 0
configure:6084: result: yes
configure:6086: checking for _Bool
configure:6116: gcc -c -g -O2  conftest.c >&5
configure:6122: $? = 0
configure:6137: result: yes
configure:6156: checking for an ANSI C-conforming const
configure:6231: gcc -c -g -O2  conftest.c >&5
configure:6237: $? = 0
configure:6252: result: yes
configure:6262: checking for inline
configure:6288: gcc -c -g -O2  conftest.c >&5
configure:6294: $? = 0
configure:6312: result: inline
configure:6331: checking for size_t
configure:6361: gcc -c -g -O2  conftest.c >&5
configure:6367: $? = 0
configure:6382: result: yes
configure:6401: checking for memset
configure:6457: gcc -o conftest -g -O2   conftest.c -lcupsimage -lcups  >&5
conftest.c:54:6: warning: conflicting types for built-in function 'memset' [enabled by default]
configure:6463: $? = 0
configure:6481: result: yes
configure:6401: checking for strcasecmp
configure:6457: gcc -o conftest -g -O2   conftest.c -lcupsimage -lcups  >&5
conftest.c:55:6: warning: conflicting types for built-in function 'strcasecmp' [enabled by default]
configure:6463: $? = 0
configure:6481: result: yes
configure:6629: creating ./config.status

## ---------------------- ##
## Running config.status. ##
## ---------------------- ##

This file was extended by dymo-cups-drivers config.status 1.2.0, which was
generated by GNU Autoconf 2.61.  Invocation command line was

  CONFIG_FILES    = 
  CONFIG_HEADERS  = 
  CONFIG_LINKS    = 
  CONFIG_COMMANDS = 
  $ ./config.status 

on z

config.status:662: creating Makefile
config.status:662: creating src/Makefile
config.status:662: creating src/common/tests/Makefile
config.status:662: creating src/lm/Makefile
config.status:662: creating src/lm/tests/Makefile
config.status:662: creating src/lw/Makefile
config.status:662: creating src/lw/tests/Makefile
config.status:662: creating ppd/Makefile
config.status:662: creating docs/Makefile
config.status:662: creating samples/Makefile
config.status:662: creating samples/paper_list/Makefile
config.status:662: creating samples/paper_bounds/Makefile
config.status:662: creating samples/test_label/Makefile
config.status:662: creating samples/custom_paper/Makefile
config.status:662: creating samples/custom_paper_tape/Makefile
config.status:662: creating src/config.h
config.status:901: src/config.h is unchanged
config.status:948: executing depfiles commands

## ---------------- ##
## Cache variables. ##
## ---------------- ##

ac_cv_c_compiler_gnu=yes
ac_cv_c_const=yes
ac_cv_c_inline=inline
ac_cv_cxx_compiler_gnu=yes
ac_cv_env_CCC_set=
ac_cv_env_CCC_value=
ac_cv_env_CC_set=
ac_cv_env_CC_value=
ac_cv_env_CFLAGS_set=
ac_cv_env_CFLAGS_value=
ac_cv_env_CPPFLAGS_set=
ac_cv_env_CPPFLAGS_value=
ac_cv_env_CPP_set=
ac_cv_env_CPP_value=
ac_cv_env_CXXFLAGS_set=
ac_cv_env_CXXFLAGS_value=
ac_cv_env_CXX_set=
ac_cv_env_CXX_value=
ac_cv_env_LDFLAGS_set=
ac_cv_env_LDFLAGS_value=
ac_cv_env_LIBS_set=
ac_cv_env_LIBS_value=
ac_cv_env_build_alias_set=
ac_cv_env_build_alias_value=
ac_cv_env_host_alias_set=
ac_cv_env_host_alias_value=
ac_cv_env_target_alias_set=
ac_cv_env_target_alias_value=
ac_cv_func_memset=yes
ac_cv_func_strcasecmp=yes
ac_cv_header_cups_cups_h=yes
ac_cv_header_cups_raster_h=yes
ac_cv_header_fcntl_h=yes
ac_cv_header_inttypes_h=yes
ac_cv_header_memory_h=yes
ac_cv_header_stdbool_h=yes
ac_cv_header_stdc=yes
ac_cv_header_stdint_h=yes
ac_cv_header_stdlib_h=yes
ac_cv_header_string_h=yes
ac_cv_header_strings_h=yes
ac_cv_header_sys_stat_h=yes
ac_cv_header_sys_types_h=yes
ac_cv_header_unistd_h=yes
ac_cv_lib_cups_cupsMarkOptions=yes
ac_cv_lib_cupsimage_cupsRasterReadHeader=yes
ac_cv_objext=o
ac_cv_path_EGREP='/bin/grep -E'
ac_cv_path_GREP=/bin/grep
ac_cv_path_cupsc=/usr/bin/cups-config
ac_cv_path_install='/usr/bin/install -c'
ac_cv_path_mkdir=/bin/mkdir
ac_cv_prog_AWK=gawk
ac_cv_prog_CPP='gcc -E'
ac_cv_prog_ac_ct_CC=gcc
ac_cv_prog_ac_ct_CXX=g++
ac_cv_prog_cc_c89=
ac_cv_prog_cc_g=yes
ac_cv_prog_cxx_g=yes
ac_cv_prog_make_make_set=yes
ac_cv_type__Bool=yes
ac_cv_type_size_t=yes
am_cv_CC_dependencies_compiler_type=gcc3
am_cv_CXX_dependencies_compiler_type=gcc3

## ----------------- ##
## Output variables. ##
## ----------------- ##

ACLOCAL='aclocal-1.10'
AMDEPBACKSLASH='\'
AMDEP_FALSE='#'
AMDEP_TRUE=''
AMTAR='tar'
AUTOCONF='autoconf'
AUTOHEADER='autoheader'
AUTOMAKE='automake-1.10'
AWK='gawk'
CC='gcc'
CCDEPMODE='depmode=gcc3'
CFLAGS='-g -O2'
CPP='gcc -E'
CPPFLAGS=''
CUPS_LIBS=''
CXX='g++'
CXXDEPMODE='depmode=gcc3'
CXXFLAGS='-O2 -Wall -Wno-unknown-pragmas  '
CYGPATH_W='echo'
DEFS='-DHAVE_CONFIG_H'
DEPDIR='.deps'
ECHO_C=''
ECHO_N='-n'
ECHO_T=''
EGREP='/bin/grep -E'
EXEEXT=''
GREP='/bin/grep'
INSTALL_DATA='${INSTALL} -m 644'
INSTALL_PROGRAM='${INSTALL}'
INSTALL_SCRIPT='${INSTALL}'
INSTALL_STRIP_PROGRAM='$(install_sh) -c -s'
LDFLAGS=''
LIBOBJS=''
LIBS='-lcupsimage -lcups '
LTLIBOBJS=''
MAKEINFO='makeinfo'
OBJEXT='o'
PACKAGE='dymo-cups-drivers'
PACKAGE_BUGREPORT='vbuzuev@dymo.com'
PACKAGE_NAME='dymo-cups-drivers'
PACKAGE_STRING='dymo-cups-drivers 1.2.0'
PACKAGE_TARNAME='dymo-cups-drivers'
PACKAGE_VERSION='1.2.0'
PATH_SEPARATOR=':'
SAMPLES_FALSE=''
SAMPLES_TRUE='#'
SET_MAKE=''
SHELL='/bin/bash'
STRIP=''
VERSION='1.2.0'
ac_ct_CC='gcc'
ac_ct_CXX='g++'
am__fastdepCC_FALSE='#'
am__fastdepCC_TRUE=''
am__fastdepCXX_FALSE='#'
am__fastdepCXX_TRUE=''
am__include='include'
am__isrc=''
am__leading_dot='.'
am__quote=''
am__tar='${AMTAR} chof - "$$tardir"'
am__untar='${AMTAR} xf -'
bindir='${exec_prefix}/bin'
build_alias=''
cups_cflags=''
cupsc='/usr/bin/cups-config'
cupsfilterdir='/usr/lib/cups/filter'
cupsmodeldir='/usr/share/cups/model'
datadir='${datarootdir}'
datarootdir='${prefix}/share'
docdir='${datarootdir}/doc/${PACKAGE_TARNAME}'
dvidir='${docdir}'
exec_prefix='${prefix}'
host_alias=''
htmldir='${docdir}'
includedir='${prefix}/include'
infodir='${datarootdir}/info'
install_sh='$(SHELL) /home/downloads/dymo-cups-drivers-1.2.0/install-sh'
libdir='${exec_prefix}/lib'
libexecdir='${exec_prefix}/libexec'
localedir='${datarootdir}/locale'
localstatedir='${prefix}/var'
mandir='${datarootdir}/man'
mkdir_p='/bin/mkdir -p'
oldincludedir='/usr/include'
pdfdir='${docdir}'
prefix='/usr/local'
program_transform_name='s,x,x,'
psdir='${docdir}'
sbindir='${exec_prefix}/sbin'
sharedstatedir='${prefix}/com'
sysconfdir='${prefix}/etc'
target_alias=''

## ----------- ##
## confdefs.h. ##
## ----------- ##

#define PACKAGE_NAME "dymo-cups-drivers"
#define PACKAGE_TARNAME "dymo-cups-drivers"
#define PACKAGE_VERSION "1.2.0"
#define PACKAGE_STRING "dymo-cups-drivers 1.2.0"
#define PACKAGE_BUGREPORT "vbuzuev@dymo.com"
#define PACKAGE "dymo-cups-drivers"
#define VERSION "1.2.0"
#define HAVE_LIBCUPS 1
#define HAVE_LIBCUPSIMAGE 1
#define STDC_HEADERS 1
#define HAVE_SYS_TYPES_H 1
#define HAVE_SYS_STAT_H 1
#define HAVE_STDLIB_H 1
#define HAVE_STRING_H 1
#define HAVE_MEMORY_H 1
#define HAVE_STRINGS_H 1
#define HAVE_INTTYPES_H 1
#define HAVE_STDINT_H 1
#define HAVE_UNISTD_H 1
#define HAVE_CUPS_CUPS_H 1
#define HAVE_CUPS_RASTER_H 1
#define STDC_HEADERS 1
#define HAVE_FCNTL_H 1
#define HAVE_STDLIB_H 1
#define HAVE_STRING_H 1
#define HAVE_UNISTD_H 1
#define HAVE__BOOL 1
#define HAVE_STDBOOL_H 1
#define HAVE_MEMSET 1
#define HAVE_STRCASECMP 1

configure: exit 0
